<?xml version="1.0" encoding="UTF-8"?>
<testsuites name="jest tests" tests="6" failures="0" time="0.699">
  <testsuite name="isUsingTypes" errors="0" failures="0" skipped="0" timestamp="2019-11-03T06:54:12" time="0.652" tests="6">
    <testcase classname="isUsingTypes" name="Should work with __typename on fragments" time="0.007" file="tests/is-using-types.spec.ts">
    </testcase>
    <testcase classname="isUsingTypes" name="Should include fragments when they are not extenral" time="0" file="tests/is-using-types.spec.ts">
    </testcase>
    <testcase classname="isUsingTypes" name="Should ignore fragments when they are extenral" time="0.001" file="tests/is-using-types.spec.ts">
    </testcase>
    <testcase classname="isUsingTypes" name="Should includes types import when fragment spread is used over an optional field" time="0.001" file="tests/is-using-types.spec.ts">
    </testcase>
    <testcase classname="isUsingTypes" name="Should includes types correctly" time="0.001" file="tests/is-using-types.spec.ts">
    </testcase>
    <testcase classname="isUsingTypes" name="Should includes types correctly when used in fragment" time="0.002" file="tests/is-using-types.spec.ts">
    </testcase>
  </testsuite>
</testsuites>